<?xml version="1.0" encoding="UTF-8"?>
<!-- Generated by org.testng.reporters.JUnitReportReporter -->
<testsuite hostname="Globals-MacBook-Pro.local" name="com.bit.test.SmokeTest" tests="1" failures="0" timestamp="28 Jan 2015 03:19:50 GMT" time="9.114" errors="0">
  <testcase name="teachwise" time="9.114" classname="com.bit.test.SmokeTest"/>
</testsuite> <!-- com.bit.test.SmokeTest -->
